{"/Users/xilanyuan/Desktop/Orders_Nodejs/Orders_nodejs/index.js": {"path":"/Users/xilanyuan/Desktop/Orders_Nodejs/Orders_nodejs/index.js","statementMap":{"0":{"start":{"line":1,"column":0},"end":{"line":1,"column":27}},"1":{"start":{"line":3,"column":16},"end":{"line":3,"column":34}},"2":{"start":{"line":4,"column":12},"end":{"line":4,"column":21}},"3":{"start":{"line":5,"column":13},"end":{"line":5,"column":17}},"4":{"start":{"line":7,"column":0},"end":{"line":9,"column":3}},"5":{"start":{"line":8,"column":2},"end":{"line":8,"column":55}},"6":{"start":{"line":10,"column":13},"end":{"line":10,"column":28}},"7":{"start":{"line":12,"column":0},"end":{"line":12,"column":30}},"8":{"start":{"line":13,"column":0},"end":{"line":13,"column":48}},"9":{"start":{"line":20,"column":18},"end":{"line":20,"column":47}},"10":{"start":{"line":21,"column":0},"end":{"line":21,"column":24}},"11":{"start":{"line":24,"column":19},"end":{"line":24,"column":49}},"12":{"start":{"line":25,"column":0},"end":{"line":25,"column":25}},"13":{"start":{"line":28,"column":22},"end":{"line":28,"column":55}},"14":{"start":{"line":29,"column":0},"end":{"line":29,"column":28}},"15":{"start":{"line":32,"column":19},"end":{"line":32,"column":48}},"16":{"start":{"line":33,"column":0},"end":{"line":33,"column":22}},"17":{"start":{"line":35,"column":24},"end":{"line":35,"column":55}},"18":{"start":{"line":36,"column":0},"end":{"line":36,"column":26}},"19":{"start":{"line":38,"column":0},"end":{"line":38,"column":21}}},"fnMap":{"0":{"name":"(anonymous_0)","decl":{"start":{"line":7,"column":17},"end":{"line":7,"column":18}},"loc":{"start":{"line":7,"column":23},"end":{"line":9,"column":1}},"line":7}},"branchMap":{},"s":{"0":1,"1":1,"2":1,"3":1,"4":1,"5":1,"6":1,"7":1,"8":1,"9":1,"10":1,"11":1,"12":1,"13":1,"14":1,"15":1,"16":1,"17":1,"18":1,"19":1},"f":{"0":1},"b":{},"_coverageSchema":"1a1c01bbd47fc00a2c39e90264f33305004495a9","hash":"6f21a51afa205e3553db9c1b4b5956775547c05c"}
,"/Users/xilanyuan/Desktop/Orders_Nodejs/Orders_nodejs/database/client.js": {"path":"/Users/xilanyuan/Desktop/Orders_Nodejs/Orders_nodejs/database/client.js","statementMap":{"0":{"start":{"line":1,"column":24},"end":{"line":1,"column":42}},"1":{"start":{"line":3,"column":12},"end":{"line":3,"column":27}},"2":{"start":{"line":5,"column":15},"end":{"line":5,"column":35}},"3":{"start":{"line":8,"column":2},"end":{"line":8,"column":16}},"4":{"start":{"line":11,"column":0},"end":{"line":11,"column":31}}},"fnMap":{"0":{"name":"getClient","decl":{"start":{"line":7,"column":9},"end":{"line":7,"column":18}},"loc":{"start":{"line":7,"column":21},"end":{"line":9,"column":1}},"line":7}},"branchMap":{},"s":{"0":1,"1":1,"2":1,"3":2,"4":1},"f":{"0":2},"b":{},"_coverageSchema":"1a1c01bbd47fc00a2c39e90264f33305004495a9","hash":"dd5e3395c90a7030ad16ef3fcc2e232721600ee8"}
,"/Users/xilanyuan/Desktop/Orders_Nodejs/Orders_nodejs/database/const.js": {"path":"/Users/xilanyuan/Desktop/Orders_Nodejs/Orders_nodejs/database/const.js","statementMap":{"0":{"start":{"line":1,"column":16},"end":{"line":1,"column":28}},"1":{"start":{"line":3,"column":0},"end":{"line":5,"column":2}}},"fnMap":{},"branchMap":{},"s":{"0":2,"1":2},"f":{},"b":{},"_coverageSchema":"1a1c01bbd47fc00a2c39e90264f33305004495a9","hash":"e4d1d9108495cb419aadb7d11c9a5a541f6fc867"}
,"/Users/xilanyuan/Desktop/Orders_Nodejs/Orders_nodejs/database/fetchData.js": {"path":"/Users/xilanyuan/Desktop/Orders_Nodejs/Orders_nodejs/database/fetchData.js","statementMap":{"0":{"start":{"line":1,"column":22},"end":{"line":1,"column":41}},"1":{"start":{"line":2,"column":20},"end":{"line":2,"column":38}},"2":{"start":{"line":5,"column":17},"end":{"line":5,"column":28}},"3":{"start":{"line":6,"column":2},"end":{"line":6,"column":25}},"4":{"start":{"line":8,"column":19},"end":{"line":8,"column":37}},"5":{"start":{"line":9,"column":15},"end":{"line":9,"column":50}},"6":{"start":{"line":11,"column":17},"end":{"line":11,"column":46}},"7":{"start":{"line":12,"column":2},"end":{"line":12,"column":16}},"8":{"start":{"line":15,"column":0},"end":{"line":15,"column":31}}},"fnMap":{"0":{"name":"fetchData","decl":{"start":{"line":4,"column":15},"end":{"line":4,"column":24}},"loc":{"start":{"line":4,"column":41},"end":{"line":13,"column":1}},"line":4}},"branchMap":{},"s":{"0":1,"1":1,"2":2,"3":2,"4":2,"5":2,"6":2,"7":2,"8":1},"f":{"0":2},"b":{},"_coverageSchema":"1a1c01bbd47fc00a2c39e90264f33305004495a9","hash":"f7d9a52ccff2b3656c0fae88d7736821ce05feb5"}
,"/Users/xilanyuan/Desktop/Orders_Nodejs/Orders_nodejs/database/insertData.js": {"path":"/Users/xilanyuan/Desktop/Orders_Nodejs/Orders_nodejs/database/insertData.js","statementMap":{"0":{"start":{"line":1,"column":22},"end":{"line":1,"column":41}},"1":{"start":{"line":2,"column":20},"end":{"line":2,"column":38}},"2":{"start":{"line":5,"column":17},"end":{"line":5,"column":28}},"3":{"start":{"line":6,"column":2},"end":{"line":6,"column":25}},"4":{"start":{"line":8,"column":2},"end":{"line":16,"column":3}},"5":{"start":{"line":9,"column":21},"end":{"line":9,"column":39}},"6":{"start":{"line":10,"column":28},"end":{"line":10,"column":57}},"7":{"start":{"line":12,"column":4},"end":{"line":12,"column":40}},"8":{"start":{"line":13,"column":4},"end":{"line":13,"column":48}},"9":{"start":{"line":15,"column":4},"end":{"line":15,"column":19}},"10":{"start":{"line":19,"column":0},"end":{"line":19,"column":32}}},"fnMap":{"0":{"name":"insertData","decl":{"start":{"line":4,"column":15},"end":{"line":4,"column":25}},"loc":{"start":{"line":4,"column":37},"end":{"line":17,"column":1}},"line":4}},"branchMap":{},"s":{"0":2,"1":2,"2":1,"3":1,"4":1,"5":1,"6":1,"7":1,"8":1,"9":1,"10":2},"f":{"0":1},"b":{},"_coverageSchema":"1a1c01bbd47fc00a2c39e90264f33305004495a9","hash":"9f5a9530cbc0b0c61e7ba632a82e085e6a1a3917"}
,"/Users/xilanyuan/Desktop/Orders_Nodejs/Orders_nodejs/functions/CSVtoJson.js": {"path":"/Users/xilanyuan/Desktop/Orders_Nodejs/Orders_nodejs/functions/CSVtoJson.js","statementMap":{"0":{"start":{"line":2,"column":17},"end":{"line":2,"column":19}},"1":{"start":{"line":3,"column":13},"end":{"line":3,"column":33}},"2":{"start":{"line":4,"column":2},"end":{"line":17,"column":5}},"3":{"start":{"line":6,"column":4},"end":{"line":16,"column":5}},"4":{"start":{"line":7,"column":6},"end":{"line":7,"column":39}},"5":{"start":{"line":8,"column":6},"end":{"line":15,"column":7}},"6":{"start":{"line":9,"column":8},"end":{"line":14,"column":11}},"7":{"start":{"line":20,"column":2},"end":{"line":20,"column":18}},"8":{"start":{"line":23,"column":0},"end":{"line":25,"column":2}}},"fnMap":{"0":{"name":"CSVtoJson","decl":{"start":{"line":1,"column":9},"end":{"line":1,"column":18}},"loc":{"start":{"line":1,"column":29},"end":{"line":21,"column":1}},"line":1},"1":{"name":"(anonymous_1)","decl":{"start":{"line":4,"column":15},"end":{"line":4,"column":16}},"loc":{"start":{"line":4,"column":28},"end":{"line":17,"column":3}},"line":4}},"branchMap":{"0":{"loc":{"start":{"line":6,"column":4},"end":{"line":16,"column":5}},"type":"if","locations":[{"start":{"line":6,"column":4},"end":{"line":16,"column":5}},{"start":{},"end":{}}],"line":6},"1":{"loc":{"start":{"line":8,"column":6},"end":{"line":15,"column":7}},"type":"if","locations":[{"start":{"line":8,"column":6},"end":{"line":15,"column":7}},{"start":{},"end":{}}],"line":8}},"s":{"0":2,"1":2,"2":2,"3":2,"4":1,"5":1,"6":1,"7":2,"8":2},"f":{"0":2,"1":2},"b":{"0":[1,1],"1":[1,0]},"_coverageSchema":"1a1c01bbd47fc00a2c39e90264f33305004495a9","hash":"709357eece05d60626002cbd01a7c31b8a64a5f0"}
,"/Users/xilanyuan/Desktop/Orders_Nodejs/Orders_nodejs/functions/filterOrders.js": {"path":"/Users/xilanyuan/Desktop/Orders_Nodejs/Orders_nodejs/functions/filterOrders.js","statementMap":{"0":{"start":{"line":1,"column":22},"end":{"line":1,"column":54}},"1":{"start":{"line":4,"column":20},"end":{"line":4,"column":48}},"2":{"start":{"line":5,"column":23},"end":{"line":8,"column":8}},"3":{"start":{"line":6,"column":4},"end":{"line":6,"column":27}},"4":{"start":{"line":7,"column":4},"end":{"line":7,"column":16}},"5":{"start":{"line":10,"column":24},"end":{"line":10,"column":26}},"6":{"start":{"line":12,"column":2},"end":{"line":16,"column":5}},"7":{"start":{"line":13,"column":4},"end":{"line":15,"column":5}},"8":{"start":{"line":14,"column":6},"end":{"line":14,"column":31}},"9":{"start":{"line":18,"column":2},"end":{"line":18,"column":38}},"10":{"start":{"line":20,"column":2},"end":{"line":20,"column":23}},"11":{"start":{"line":23,"column":0},"end":{"line":23,"column":34}}},"fnMap":{"0":{"name":"filterOrders","decl":{"start":{"line":3,"column":15},"end":{"line":3,"column":27}},"loc":{"start":{"line":3,"column":38},"end":{"line":21,"column":1}},"line":3},"1":{"name":"(anonymous_1)","decl":{"start":{"line":5,"column":40},"end":{"line":5,"column":41}},"loc":{"start":{"line":5,"column":53},"end":{"line":8,"column":3}},"line":5},"2":{"name":"(anonymous_2)","decl":{"start":{"line":12,"column":19},"end":{"line":12,"column":20}},"loc":{"start":{"line":12,"column":29},"end":{"line":16,"column":3}},"line":12}},"branchMap":{"0":{"loc":{"start":{"line":13,"column":4},"end":{"line":15,"column":5}},"type":"if","locations":[{"start":{"line":13,"column":4},"end":{"line":15,"column":5}},{"start":{},"end":{}}],"line":13}},"s":{"0":2,"1":1,"2":1,"3":2,"4":2,"5":1,"6":1,"7":3,"8":2,"9":1,"10":1,"11":2},"f":{"0":1,"1":2,"2":3},"b":{"0":[2,1]},"_coverageSchema":"1a1c01bbd47fc00a2c39e90264f33305004495a9","hash":"da1e59a5226521ce2aacf4b728c62b2ec1e9c375"}
,"/Users/xilanyuan/Desktop/Orders_Nodejs/Orders_nodejs/routes/customerRoute.js": {"path":"/Users/xilanyuan/Desktop/Orders_Nodejs/Orders_nodejs/routes/customerRoute.js","statementMap":{"0":{"start":{"line":1,"column":16},"end":{"line":1,"column":34}},"1":{"start":{"line":2,"column":15},"end":{"line":2,"column":31}},"2":{"start":{"line":3,"column":22},"end":{"line":3,"column":54}},"3":{"start":{"line":9,"column":0},"end":{"line":11,"column":3}},"4":{"start":{"line":10,"column":2},"end":{"line":10,"column":78}},"5":{"start":{"line":13,"column":0},"end":{"line":13,"column":24}}},"fnMap":{"0":{"name":"(anonymous_0)","decl":{"start":{"line":9,"column":25},"end":{"line":9,"column":26}},"loc":{"start":{"line":9,"column":45},"end":{"line":11,"column":1}},"line":9}},"branchMap":{},"s":{"0":1,"1":1,"2":1,"3":1,"4":1,"5":1},"f":{"0":1},"b":{},"_coverageSchema":"1a1c01bbd47fc00a2c39e90264f33305004495a9","hash":"2b4f1c0489b5be96b7eabf6c139675209df0c599"}
,"/Users/xilanyuan/Desktop/Orders_Nodejs/Orders_nodejs/routes/mainRoute.js": {"path":"/Users/xilanyuan/Desktop/Orders_Nodejs/Orders_nodejs/routes/mainRoute.js","statementMap":{"0":{"start":{"line":1,"column":16},"end":{"line":1,"column":34}},"1":{"start":{"line":2,"column":15},"end":{"line":2,"column":31}},"2":{"start":{"line":3,"column":13},"end":{"line":3,"column":28}},"3":{"start":{"line":9,"column":0},"end":{"line":11,"column":3}},"4":{"start":{"line":10,"column":2},"end":{"line":10,"column":25}},"5":{"start":{"line":13,"column":0},"end":{"line":13,"column":24}}},"fnMap":{"0":{"name":"(anonymous_0)","decl":{"start":{"line":9,"column":16},"end":{"line":9,"column":17}},"loc":{"start":{"line":9,"column":30},"end":{"line":11,"column":1}},"line":9}},"branchMap":{},"s":{"0":1,"1":1,"2":1,"3":1,"4":1,"5":1},"f":{"0":1},"b":{},"_coverageSchema":"1a1c01bbd47fc00a2c39e90264f33305004495a9","hash":"a2f5081cdb5418459874f95f17121e72cc45ff00"}
,"/Users/xilanyuan/Desktop/Orders_Nodejs/Orders_nodejs/routes/orderRoute.js": {"path":"/Users/xilanyuan/Desktop/Orders_Nodejs/Orders_nodejs/routes/orderRoute.js","statementMap":{"0":{"start":{"line":1,"column":16},"end":{"line":1,"column":34}},"1":{"start":{"line":2,"column":15},"end":{"line":2,"column":31}},"2":{"start":{"line":3,"column":22},"end":{"line":3,"column":54}},"3":{"start":{"line":9,"column":0},"end":{"line":11,"column":3}},"4":{"start":{"line":10,"column":2},"end":{"line":10,"column":69}},"5":{"start":{"line":13,"column":0},"end":{"line":13,"column":24}}},"fnMap":{"0":{"name":"(anonymous_0)","decl":{"start":{"line":9,"column":22},"end":{"line":9,"column":23}},"loc":{"start":{"line":9,"column":42},"end":{"line":11,"column":1}},"line":9}},"branchMap":{},"s":{"0":1,"1":1,"2":1,"3":1,"4":1,"5":1},"f":{"0":1},"b":{},"_coverageSchema":"1a1c01bbd47fc00a2c39e90264f33305004495a9","hash":"e35f0aa0187b379f11a620ab41660a446abfdb24"}
,"/Users/xilanyuan/Desktop/Orders_Nodejs/Orders_nodejs/routes/uploadRoute.js": {"path":"/Users/xilanyuan/Desktop/Orders_Nodejs/Orders_nodejs/routes/uploadRoute.js","statementMap":{"0":{"start":{"line":1,"column":16},"end":{"line":1,"column":34}},"1":{"start":{"line":2,"column":15},"end":{"line":2,"column":31}},"2":{"start":{"line":4,"column":22},"end":{"line":4,"column":55}},"3":{"start":{"line":5,"column":25},"end":{"line":5,"column":61}},"4":{"start":{"line":6,"column":23},"end":{"line":6,"column":56}},"5":{"start":{"line":9,"column":2},"end":{"line":11,"column":3}},"6":{"start":{"line":10,"column":4},"end":{"line":10,"column":59}},"7":{"start":{"line":13,"column":15},"end":{"line":13,"column":35}},"8":{"start":{"line":14,"column":19},"end":{"line":14,"column":28}},"9":{"start":{"line":17,"column":2},"end":{"line":22,"column":5}},"10":{"start":{"line":18,"column":4},"end":{"line":21,"column":5}},"11":{"start":{"line":19,"column":6},"end":{"line":19,"column":23}},"12":{"start":{"line":20,"column":6},"end":{"line":20,"column":30}},"13":{"start":{"line":25,"column":19},"end":{"line":25,"column":56}},"14":{"start":{"line":26,"column":25},"end":{"line":26,"column":53}},"15":{"start":{"line":29,"column":2},"end":{"line":29,"column":35}},"16":{"start":{"line":31,"column":2},"end":{"line":33,"column":4}},"17":{"start":{"line":39,"column":0},"end":{"line":39,"column":43}},"18":{"start":{"line":41,"column":0},"end":{"line":44,"column":2}}},"fnMap":{"0":{"name":"processUploadFiles","decl":{"start":{"line":8,"column":15},"end":{"line":8,"column":33}},"loc":{"start":{"line":8,"column":44},"end":{"line":34,"column":1}},"line":8},"1":{"name":"(anonymous_1)","decl":{"start":{"line":17,"column":44},"end":{"line":17,"column":45}},"loc":{"start":{"line":17,"column":53},"end":{"line":22,"column":3}},"line":17}},"branchMap":{"0":{"loc":{"start":{"line":9,"column":2},"end":{"line":11,"column":3}},"type":"if","locations":[{"start":{"line":9,"column":2},"end":{"line":11,"column":3}},{"start":{},"end":{}}],"line":9},"1":{"loc":{"start":{"line":9,"column":6},"end":{"line":9,"column":55}},"type":"binary-expr","locations":[{"start":{"line":9,"column":6},"end":{"line":9,"column":16}},{"start":{"line":9,"column":20},"end":{"line":9,"column":55}}],"line":9},"2":{"loc":{"start":{"line":18,"column":4},"end":{"line":21,"column":5}},"type":"if","locations":[{"start":{"line":18,"column":4},"end":{"line":21,"column":5}},{"start":{},"end":{}}],"line":18}},"s":{"0":2,"1":2,"2":2,"3":2,"4":2,"5":3,"6":1,"7":2,"8":2,"9":2,"10":0,"11":0,"12":0,"13":2,"14":2,"15":2,"16":2,"17":2,"18":2},"f":{"0":3,"1":0},"b":{"0":[1,2],"1":[3,2],"2":[0,0]},"_coverageSchema":"1a1c01bbd47fc00a2c39e90264f33305004495a9","hash":"b73f17be105615756bfbf25c88e45704f4505b75"}
}
