{"/Users/xilanyuan/Desktop/Orders_Nodejs/Orders_nodejs/index.js": {"path":"/Users/xilanyuan/Desktop/Orders_Nodejs/Orders_nodejs/index.js","statementMap":{"0":{"start":{"line":1,"column":16},"end":{"line":1,"column":34}},"1":{"start":{"line":2,"column":12},"end":{"line":2,"column":21}},"2":{"start":{"line":3,"column":13},"end":{"line":3,"column":17}},"3":{"start":{"line":5,"column":0},"end":{"line":7,"column":3}},"4":{"start":{"line":6,"column":2},"end":{"line":6,"column":55}},"5":{"start":{"line":8,"column":13},"end":{"line":8,"column":28}},"6":{"start":{"line":10,"column":0},"end":{"line":10,"column":30}},"7":{"start":{"line":11,"column":0},"end":{"line":11,"column":48}},"8":{"start":{"line":17,"column":0},"end":{"line":17,"column":27}},"9":{"start":{"line":18,"column":24},"end":{"line":18,"column":42}},"10":{"start":{"line":19,"column":10},"end":{"line":19,"column":25}},"11":{"start":{"line":20,"column":15},"end":{"line":20,"column":35}},"12":{"start":{"line":27,"column":16},"end":{"line":27,"column":45}},"13":{"start":{"line":28,"column":0},"end":{"line":28,"column":24}},"14":{"start":{"line":31,"column":17},"end":{"line":31,"column":47}},"15":{"start":{"line":32,"column":0},"end":{"line":32,"column":25}},"16":{"start":{"line":35,"column":20},"end":{"line":35,"column":53}},"17":{"start":{"line":36,"column":0},"end":{"line":36,"column":28}},"18":{"start":{"line":39,"column":19},"end":{"line":39,"column":48}},"19":{"start":{"line":40,"column":0},"end":{"line":40,"column":22}},"20":{"start":{"line":44,"column":16},"end":{"line":44,"column":48}},"21":{"start":{"line":45,"column":0},"end":{"line":89,"column":3}},"22":{"start":{"line":47,"column":2},"end":{"line":49,"column":3}},"23":{"start":{"line":48,"column":4},"end":{"line":48,"column":59}},"24":{"start":{"line":50,"column":15},"end":{"line":50,"column":35}},"25":{"start":{"line":51,"column":19},"end":{"line":51,"column":28}},"26":{"start":{"line":53,"column":2},"end":{"line":58,"column":5}},"27":{"start":{"line":54,"column":4},"end":{"line":57,"column":5}},"28":{"start":{"line":55,"column":6},"end":{"line":55,"column":23}},"29":{"start":{"line":56,"column":6},"end":{"line":56,"column":30}},"30":{"start":{"line":60,"column":17},"end":{"line":60,"column":54}},"31":{"start":{"line":61,"column":22},"end":{"line":61,"column":24}},"32":{"start":{"line":63,"column":2},"end":{"line":63,"column":19}},"33":{"start":{"line":64,"column":19},"end":{"line":64,"column":42}},"34":{"start":{"line":65,"column":29},"end":{"line":65,"column":61}},"35":{"start":{"line":66,"column":26},"end":{"line":66,"column":55}},"36":{"start":{"line":67,"column":2},"end":{"line":67,"column":47}},"37":{"start":{"line":68,"column":2},"end":{"line":84,"column":3}},"38":{"start":{"line":69,"column":4},"end":{"line":78,"column":7}},"39":{"start":{"line":70,"column":20},"end":{"line":70,"column":76}},"40":{"start":{"line":71,"column":6},"end":{"line":77,"column":7}},"41":{"start":{"line":72,"column":8},"end":{"line":75,"column":9}},"42":{"start":{"line":73,"column":10},"end":{"line":73,"column":52}},"43":{"start":{"line":74,"column":10},"end":{"line":74,"column":29}},"44":{"start":{"line":76,"column":8},"end":{"line":76,"column":33}},"45":{"start":{"line":80,"column":4},"end":{"line":80,"column":40}},"46":{"start":{"line":82,"column":4},"end":{"line":82,"column":46}},"47":{"start":{"line":83,"column":4},"end":{"line":83,"column":19}},"48":{"start":{"line":86,"column":2},"end":{"line":88,"column":4}},"49":{"start":{"line":91,"column":0},"end":{"line":91,"column":21}}},"fnMap":{"0":{"name":"(anonymous_0)","decl":{"start":{"line":5,"column":17},"end":{"line":5,"column":18}},"loc":{"start":{"line":5,"column":23},"end":{"line":7,"column":1}},"line":5},"1":{"name":"(anonymous_1)","decl":{"start":{"line":45,"column":20},"end":{"line":45,"column":21}},"loc":{"start":{"line":45,"column":40},"end":{"line":89,"column":1}},"line":45},"2":{"name":"(anonymous_2)","decl":{"start":{"line":53,"column":44},"end":{"line":53,"column":45}},"loc":{"start":{"line":53,"column":53},"end":{"line":58,"column":3}},"line":53},"3":{"name":"(anonymous_3)","decl":{"start":{"line":69,"column":21},"end":{"line":69,"column":22}},"loc":{"start":{"line":69,"column":31},"end":{"line":78,"column":5}},"line":69}},"branchMap":{"0":{"loc":{"start":{"line":47,"column":2},"end":{"line":49,"column":3}},"type":"if","locations":[{"start":{"line":47,"column":2},"end":{"line":49,"column":3}},{"start":{},"end":{}}],"line":47},"1":{"loc":{"start":{"line":47,"column":6},"end":{"line":47,"column":55}},"type":"binary-expr","locations":[{"start":{"line":47,"column":6},"end":{"line":47,"column":16}},{"start":{"line":47,"column":20},"end":{"line":47,"column":55}}],"line":47},"2":{"loc":{"start":{"line":54,"column":4},"end":{"line":57,"column":5}},"type":"if","locations":[{"start":{"line":54,"column":4},"end":{"line":57,"column":5}},{"start":{},"end":{}}],"line":54},"3":{"loc":{"start":{"line":71,"column":6},"end":{"line":77,"column":7}},"type":"if","locations":[{"start":{"line":71,"column":6},"end":{"line":77,"column":7}},{"start":{},"end":{}}],"line":71},"4":{"loc":{"start":{"line":72,"column":8},"end":{"line":75,"column":9}},"type":"if","locations":[{"start":{"line":72,"column":8},"end":{"line":75,"column":9}},{"start":{},"end":{}}],"line":72}},"s":{"0":1,"1":1,"2":1,"3":1,"4":1,"5":1,"6":1,"7":1,"8":1,"9":1,"10":1,"11":1,"12":1,"13":1,"14":1,"15":1,"16":1,"17":1,"18":1,"19":1,"20":1,"21":1,"22":0,"23":0,"24":0,"25":0,"26":0,"27":0,"28":0,"29":0,"30":0,"31":0,"32":0,"33":0,"34":0,"35":0,"36":0,"37":0,"38":0,"39":0,"40":0,"41":0,"42":0,"43":0,"44":0,"45":0,"46":0,"47":0,"48":0,"49":1},"f":{"0":1,"1":0,"2":0,"3":0},"b":{"0":[0,0],"1":[0,0],"2":[0,0],"3":[0,0],"4":[0,0]},"_coverageSchema":"1a1c01bbd47fc00a2c39e90264f33305004495a9","hash":"457bfc43cbb003ead4b9b8b5e2dd5fa9bfb931e2"}
,"/Users/xilanyuan/Desktop/Orders_Nodejs/Orders_nodejs/database/dataFetch.js": {"path":"/Users/xilanyuan/Desktop/Orders_Nodejs/Orders_nodejs/database/dataFetch.js","statementMap":{"0":{"start":{"line":1,"column":24},"end":{"line":1,"column":42}},"1":{"start":{"line":2,"column":0},"end":{"line":2,"column":27}},"2":{"start":{"line":3,"column":10},"end":{"line":3,"column":25}},"3":{"start":{"line":5,"column":15},"end":{"line":5,"column":35}},"4":{"start":{"line":7,"column":2},"end":{"line":7,"column":25}},"5":{"start":{"line":8,"column":19},"end":{"line":8,"column":42}},"6":{"start":{"line":9,"column":18},"end":{"line":9,"column":53}},"7":{"start":{"line":10,"column":17},"end":{"line":10,"column":59}},"8":{"start":{"line":11,"column":2},"end":{"line":11,"column":16}},"9":{"start":{"line":13,"column":0},"end":{"line":13,"column":27}}},"fnMap":{"0":{"name":"dataFetch","decl":{"start":{"line":6,"column":15},"end":{"line":6,"column":24}},"loc":{"start":{"line":6,"column":41},"end":{"line":12,"column":1}},"line":6}},"branchMap":{},"s":{"0":1,"1":1,"2":1,"3":1,"4":2,"5":2,"6":2,"7":2,"8":2,"9":1},"f":{"0":2},"b":{},"_coverageSchema":"1a1c01bbd47fc00a2c39e90264f33305004495a9","hash":"1ca4a5a2615f7523e9d54e3862983fcd0b2ca10c"}
,"/Users/xilanyuan/Desktop/Orders_Nodejs/Orders_nodejs/functions/CSVtoJson.js": {"path":"/Users/xilanyuan/Desktop/Orders_Nodejs/Orders_nodejs/functions/CSVtoJson.js","statementMap":{"0":{"start":{"line":2,"column":17},"end":{"line":2,"column":19}},"1":{"start":{"line":3,"column":13},"end":{"line":3,"column":33}},"2":{"start":{"line":4,"column":2},"end":{"line":17,"column":5}},"3":{"start":{"line":6,"column":4},"end":{"line":16,"column":5}},"4":{"start":{"line":7,"column":6},"end":{"line":7,"column":39}},"5":{"start":{"line":8,"column":6},"end":{"line":15,"column":7}},"6":{"start":{"line":9,"column":8},"end":{"line":14,"column":11}},"7":{"start":{"line":20,"column":2},"end":{"line":20,"column":18}},"8":{"start":{"line":23,"column":0},"end":{"line":23,"column":27}}},"fnMap":{"0":{"name":"CSVtoJson","decl":{"start":{"line":1,"column":9},"end":{"line":1,"column":18}},"loc":{"start":{"line":1,"column":29},"end":{"line":21,"column":1}},"line":1},"1":{"name":"(anonymous_1)","decl":{"start":{"line":4,"column":15},"end":{"line":4,"column":16}},"loc":{"start":{"line":4,"column":28},"end":{"line":17,"column":3}},"line":4}},"branchMap":{"0":{"loc":{"start":{"line":6,"column":4},"end":{"line":16,"column":5}},"type":"if","locations":[{"start":{"line":6,"column":4},"end":{"line":16,"column":5}},{"start":{},"end":{}}],"line":6},"1":{"loc":{"start":{"line":8,"column":6},"end":{"line":15,"column":7}},"type":"if","locations":[{"start":{"line":8,"column":6},"end":{"line":15,"column":7}},{"start":{},"end":{}}],"line":8}},"s":{"0":2,"1":2,"2":2,"3":2,"4":1,"5":1,"6":1,"7":2,"8":1},"f":{"0":2,"1":2},"b":{"0":[1,1],"1":[1,0]},"_coverageSchema":"1a1c01bbd47fc00a2c39e90264f33305004495a9","hash":"7b4342181587aa2dcf0d6458c16fea1a2f2f959b"}
,"/Users/xilanyuan/Desktop/Orders_Nodejs/Orders_nodejs/routes/customerRoute.js": {"path":"/Users/xilanyuan/Desktop/Orders_Nodejs/Orders_nodejs/routes/customerRoute.js","statementMap":{"0":{"start":{"line":1,"column":14},"end":{"line":1,"column":32}},"1":{"start":{"line":2,"column":13},"end":{"line":2,"column":29}},"2":{"start":{"line":3,"column":16},"end":{"line":3,"column":48}},"3":{"start":{"line":9,"column":0},"end":{"line":12,"column":3}},"4":{"start":{"line":11,"column":2},"end":{"line":11,"column":78}},"5":{"start":{"line":14,"column":0},"end":{"line":14,"column":24}}},"fnMap":{"0":{"name":"(anonymous_0)","decl":{"start":{"line":9,"column":25},"end":{"line":9,"column":26}},"loc":{"start":{"line":9,"column":45},"end":{"line":12,"column":1}},"line":9}},"branchMap":{},"s":{"0":1,"1":1,"2":1,"3":1,"4":1,"5":1},"f":{"0":1},"b":{},"_coverageSchema":"1a1c01bbd47fc00a2c39e90264f33305004495a9","hash":"af544347ab71df2d24079164597e33f98c63e0d9"}
,"/Users/xilanyuan/Desktop/Orders_Nodejs/Orders_nodejs/routes/mainRoute.js": {"path":"/Users/xilanyuan/Desktop/Orders_Nodejs/Orders_nodejs/routes/mainRoute.js","statementMap":{"0":{"start":{"line":1,"column":14},"end":{"line":1,"column":32}},"1":{"start":{"line":2,"column":13},"end":{"line":2,"column":29}},"2":{"start":{"line":3,"column":13},"end":{"line":3,"column":28}},"3":{"start":{"line":11,"column":0},"end":{"line":14,"column":3}},"4":{"start":{"line":12,"column":2},"end":{"line":12,"column":25}},"5":{"start":{"line":16,"column":0},"end":{"line":16,"column":24}}},"fnMap":{"0":{"name":"(anonymous_0)","decl":{"start":{"line":11,"column":16},"end":{"line":11,"column":17}},"loc":{"start":{"line":11,"column":30},"end":{"line":14,"column":1}},"line":11}},"branchMap":{},"s":{"0":1,"1":1,"2":1,"3":1,"4":1,"5":1},"f":{"0":1},"b":{},"_coverageSchema":"1a1c01bbd47fc00a2c39e90264f33305004495a9","hash":"d323513734c48759e88587ea5597992c05b718c6"}
,"/Users/xilanyuan/Desktop/Orders_Nodejs/Orders_nodejs/routes/orderRoute.js": {"path":"/Users/xilanyuan/Desktop/Orders_Nodejs/Orders_nodejs/routes/orderRoute.js","statementMap":{"0":{"start":{"line":1,"column":14},"end":{"line":1,"column":32}},"1":{"start":{"line":2,"column":13},"end":{"line":2,"column":29}},"2":{"start":{"line":3,"column":13},"end":{"line":3,"column":45}},"3":{"start":{"line":9,"column":0},"end":{"line":11,"column":3}},"4":{"start":{"line":10,"column":2},"end":{"line":10,"column":65}},"5":{"start":{"line":13,"column":0},"end":{"line":13,"column":24}}},"fnMap":{"0":{"name":"(anonymous_0)","decl":{"start":{"line":9,"column":22},"end":{"line":9,"column":23}},"loc":{"start":{"line":9,"column":41},"end":{"line":11,"column":1}},"line":9}},"branchMap":{},"s":{"0":1,"1":1,"2":1,"3":1,"4":1,"5":1},"f":{"0":1},"b":{},"_coverageSchema":"1a1c01bbd47fc00a2c39e90264f33305004495a9","hash":"795c72909d7671a7e235c6475cf93d4a55eb1d43"}
}
