TN:
SF:index.js
FN:7,(anonymous_0)
FNF:1
FNH:1
FNDA:1,(anonymous_0)
DA:1,1
DA:3,1
DA:4,1
DA:5,1
DA:7,1
DA:8,1
DA:10,1
DA:12,1
DA:13,1
DA:20,1
DA:21,1
DA:24,1
DA:25,1
DA:28,1
DA:29,1
DA:32,1
DA:33,1
DA:35,1
DA:36,1
DA:38,1
LF:20
LH:20
BRF:0
BRH:0
end_of_record
TN:
SF:database/client.js
FN:7,getClient
FNF:1
FNH:1
FNDA:2,getClient
DA:1,1
DA:3,1
DA:5,1
DA:8,2
DA:11,1
LF:5
LH:5
BRF:0
BRH:0
end_of_record
TN:
SF:database/const.js
FNF:0
FNH:0
DA:1,2
DA:3,2
LF:2
LH:2
BRF:0
BRH:0
end_of_record
TN:
SF:database/fetchData.js
FN:4,fetchData
FNF:1
FNH:1
FNDA:2,fetchData
DA:1,1
DA:2,1
DA:5,2
DA:6,2
DA:8,2
DA:9,2
DA:11,2
DA:12,2
DA:15,1
LF:9
LH:9
BRF:0
BRH:0
end_of_record
TN:
SF:database/insertData.js
FN:4,insertData
FNF:1
FNH:1
FNDA:1,insertData
DA:1,2
DA:2,2
DA:5,1
DA:6,1
DA:8,1
DA:9,1
DA:10,1
DA:12,1
DA:13,1
DA:15,1
DA:19,2
LF:11
LH:11
BRF:0
BRH:0
end_of_record
TN:
SF:functions/CSVtoJson.js
FN:1,CSVtoJson
FN:4,(anonymous_1)
FNF:2
FNH:2
FNDA:2,CSVtoJson
FNDA:2,(anonymous_1)
DA:2,2
DA:3,2
DA:4,2
DA:6,2
DA:7,1
DA:8,1
DA:9,1
DA:20,2
DA:23,2
LF:9
LH:9
BRDA:6,0,0,1
BRDA:6,0,1,1
BRDA:8,1,0,1
BRDA:8,1,1,0
BRF:4
BRH:3
end_of_record
TN:
SF:functions/filterOrders.js
FN:3,filterOrders
FN:5,(anonymous_1)
FN:12,(anonymous_2)
FNF:3
FNH:3
FNDA:1,filterOrders
FNDA:2,(anonymous_1)
FNDA:3,(anonymous_2)
DA:1,2
DA:4,1
DA:5,1
DA:6,2
DA:7,2
DA:10,1
DA:12,1
DA:13,3
DA:14,2
DA:18,1
DA:20,1
DA:23,2
LF:12
LH:12
BRDA:13,0,0,2
BRDA:13,0,1,1
BRF:2
BRH:2
end_of_record
TN:
SF:routes/customerRoute.js
FN:9,(anonymous_0)
FNF:1
FNH:1
FNDA:1,(anonymous_0)
DA:1,1
DA:2,1
DA:3,1
DA:9,1
DA:10,1
DA:13,1
LF:6
LH:6
BRF:0
BRH:0
end_of_record
TN:
SF:routes/mainRoute.js
FN:9,(anonymous_0)
FNF:1
FNH:1
FNDA:1,(anonymous_0)
DA:1,1
DA:2,1
DA:3,1
DA:9,1
DA:10,1
DA:13,1
LF:6
LH:6
BRF:0
BRH:0
end_of_record
TN:
SF:routes/orderRoute.js
FN:9,(anonymous_0)
FNF:1
FNH:1
FNDA:1,(anonymous_0)
DA:1,1
DA:2,1
DA:3,1
DA:9,1
DA:10,1
DA:13,1
LF:6
LH:6
BRF:0
BRH:0
end_of_record
TN:
SF:routes/uploadRoute.js
FN:8,processUploadFiles
FN:17,(anonymous_1)
FNF:2
FNH:1
FNDA:3,processUploadFiles
FNDA:0,(anonymous_1)
DA:1,2
DA:2,2
DA:4,2
DA:5,2
DA:6,2
DA:9,3
DA:10,1
DA:13,2
DA:14,2
DA:17,2
DA:18,0
DA:19,0
DA:20,0
DA:25,2
DA:26,2
DA:29,2
DA:31,2
DA:39,2
DA:41,2
LF:19
LH:16
BRDA:9,0,0,1
BRDA:9,0,1,2
BRDA:9,1,0,3
BRDA:9,1,1,2
BRDA:18,2,0,0
BRDA:18,2,1,0
BRF:6
BRH:4
end_of_record
